2018-03-12 01:21:43,047 CRIT Set uid to user 0
2018-03-12 01:21:43,058 INFO RPC interface 'supervisor' initialized
2018-03-12 01:21:43,062 INFO supervisord started with pid 1
2018-03-12 01:21:44,068 INFO spawned: 'nginx' with pid 9
2018-03-12 01:21:45,074 INFO success: nginx entered RUNNING state, process has stayed up for > than 1 seconds (startsecs)
2018-03-12 01:23:20,051 CRIT Set uid to user 0
2018-03-12 01:23:20,057 INFO RPC interface 'supervisor' initialized
2018-03-12 01:23:20,060 INFO supervisord started with pid 1
2018-03-12 01:23:21,064 INFO spawned: 'nginx' with pid 9
2018-03-12 01:23:22,069 INFO success: nginx entered RUNNING state, process has stayed up for > than 1 seconds (startsecs)
2018-03-12 01:55:50,931 CRIT Set uid to user 0
2018-03-12 01:55:50,941 INFO RPC interface 'supervisor' initialized
2018-03-12 01:55:50,944 INFO supervisord started with pid 1
2018-03-12 01:55:51,948 INFO spawned: 'nginx' with pid 9
2018-03-12 01:55:52,950 INFO success: nginx entered RUNNING state, process has stayed up for > than 1 seconds (startsecs)
2018-03-12 02:06:58,068 CRIT Set uid to user 0
2018-03-12 02:06:58,082 INFO RPC interface 'supervisor' initialized
2018-03-12 02:06:58,087 INFO supervisord started with pid 1
2018-03-12 02:06:59,091 INFO spawned: 'nginx' with pid 9
2018-03-12 02:07:00,096 INFO success: nginx entered RUNNING state, process has stayed up for > than 1 seconds (startsecs)
2018-03-12 02:07:05,176 CRIT Set uid to user 0
2018-03-12 02:07:05,185 INFO RPC interface 'supervisor' initialized
2018-03-12 02:07:05,194 INFO supervisord started with pid 1
2018-03-12 02:07:06,200 INFO spawned: 'nginx' with pid 9
2018-03-12 02:07:07,204 INFO success: nginx entered RUNNING state, process has stayed up for > than 1 seconds (startsecs)
2018-03-12 02:07:55,937 CRIT Set uid to user 0
2018-03-12 02:07:55,946 INFO RPC interface 'supervisor' initialized
2018-03-12 02:07:55,950 INFO supervisord started with pid 1
2018-03-12 02:07:56,955 INFO spawned: 'nginx' with pid 9
2018-03-12 02:07:56,957 INFO spawned: 'gunicorn' with pid 10
2018-03-12 02:07:57,138 INFO exited: gunicorn (exit status 1; not expected)
2018-03-12 02:07:58,141 INFO success: nginx entered RUNNING state, process has stayed up for > than 1 seconds (startsecs)
2018-03-12 02:07:58,143 INFO spawned: 'gunicorn' with pid 12
2018-03-12 02:07:58,328 INFO exited: gunicorn (exit status 1; not expected)
2018-03-12 02:08:00,335 INFO spawned: 'gunicorn' with pid 13
2018-03-12 02:08:00,521 INFO exited: gunicorn (exit status 1; not expected)
2018-03-12 02:08:03,536 INFO spawned: 'gunicorn' with pid 14
2018-03-12 02:08:03,718 INFO exited: gunicorn (exit status 1; not expected)
2018-03-12 02:08:04,720 INFO gave up: gunicorn entered FATAL state, too many start retries too quickly
2018-03-12 02:08:50,984 CRIT Set uid to user 0
2018-03-12 02:08:50,996 INFO RPC interface 'supervisor' initialized
2018-03-12 02:08:51,000 INFO supervisord started with pid 1
2018-03-12 02:08:52,003 INFO spawned: 'nginx' with pid 9
2018-03-12 02:08:52,006 INFO spawned: 'gunicorn' with pid 10
2018-03-12 02:08:52,196 INFO exited: gunicorn (exit status 1; not expected)
2018-03-12 02:08:53,200 INFO success: nginx entered RUNNING state, process has stayed up for > than 1 seconds (startsecs)
2018-03-12 02:08:53,204 INFO spawned: 'gunicorn' with pid 12
2018-03-12 02:08:53,380 INFO exited: gunicorn (exit status 1; not expected)
2018-03-12 02:08:55,391 INFO spawned: 'gunicorn' with pid 13
2018-03-12 02:08:55,583 INFO exited: gunicorn (exit status 1; not expected)
2018-03-12 02:08:58,593 INFO spawned: 'gunicorn' with pid 14
2018-03-12 02:08:58,752 INFO exited: gunicorn (exit status 1; not expected)
2018-03-12 02:08:59,756 INFO gave up: gunicorn entered FATAL state, too many start retries too quickly
2018-03-12 02:11:44,640 CRIT Set uid to user 0
2018-03-12 02:11:44,655 INFO RPC interface 'supervisor' initialized
2018-03-12 02:11:44,660 INFO supervisord started with pid 1
2018-03-12 02:11:45,669 INFO spawned: 'nginx' with pid 9
2018-03-12 02:11:45,672 INFO spawned: 'gunicorn' with pid 10
2018-03-12 02:11:47,302 INFO success: nginx entered RUNNING state, process has stayed up for > than 1 seconds (startsecs)
2018-03-12 02:11:47,312 INFO success: gunicorn entered RUNNING state, process has stayed up for > than 1 seconds (startsecs)
2018-03-12 02:13:20,301 CRIT Set uid to user 0
2018-03-12 02:13:20,307 INFO RPC interface 'supervisor' initialized
2018-03-12 02:13:20,310 INFO supervisord started with pid 1
2018-03-12 02:13:21,314 INFO spawned: 'nginx' with pid 9
2018-03-12 02:13:21,317 INFO spawned: 'gunicorn' with pid 10
2018-03-12 02:13:23,018 INFO success: nginx entered RUNNING state, process has stayed up for > than 1 seconds (startsecs)
2018-03-12 02:13:23,019 INFO success: gunicorn entered RUNNING state, process has stayed up for > than 1 seconds (startsecs)
2018-03-12 02:15:27,484 CRIT Set uid to user 0
2018-03-12 02:15:27,492 INFO RPC interface 'supervisor' initialized
2018-03-12 02:15:27,501 INFO supervisord started with pid 1
2018-03-12 02:15:28,506 INFO spawned: 'nginx' with pid 9
2018-03-12 02:15:28,509 INFO spawned: 'gunicorn' with pid 10
2018-03-12 02:15:30,188 INFO success: nginx entered RUNNING state, process has stayed up for > than 1 seconds (startsecs)
2018-03-12 02:15:30,189 INFO success: gunicorn entered RUNNING state, process has stayed up for > than 1 seconds (startsecs)
